\BOOKMARK [0][-]{chapter.1}{\376\377\000I\000n\000t\000r\000o\000d\000u\000c\000t\000i\000o\000n}{}% 1
\BOOKMARK [1][-]{section.1.1}{\376\377\000M\000a\000t\000h\000e\000m\000a\000t\000i\000c\000a\000l\000\040\000P\000r\000o\000o\000f}{chapter.1}% 2
\BOOKMARK [1][-]{section.1.2}{\376\377\000S\000y\000m\000b\000o\000l\000i\000c\000\040\000L\000o\000g\000i\000c}{chapter.1}% 3
\BOOKMARK [1][-]{section.1.3}{\376\377\000I\000n\000t\000e\000r\000a\000c\000t\000i\000v\000e\000\040\000T\000h\000e\000o\000r\000e\000m\000\040\000P\000r\000o\000v\000i\000n\000g}{chapter.1}% 4
\BOOKMARK [1][-]{section.1.4}{\376\377\000T\000h\000e\000\040\000S\000e\000m\000a\000n\000t\000i\000c\000\040\000P\000o\000i\000n\000t\000\040\000o\000f\000\040\000V\000i\000e\000w}{chapter.1}% 5
\BOOKMARK [1][-]{section.1.5}{\376\377\000G\000o\000a\000l\000s\000\040\000S\000u\000m\000m\000a\000r\000i\000z\000e\000d}{chapter.1}% 6
\BOOKMARK [1][-]{section.1.6}{\376\377\000A\000b\000o\000u\000t\000\040\000t\000h\000i\000s\000\040\000T\000e\000x\000t\000b\000o\000o\000k}{chapter.1}% 7
\BOOKMARK [0][-]{chapter.2}{\376\377\000P\000r\000o\000p\000o\000s\000i\000t\000i\000o\000n\000a\000l\000\040\000L\000o\000g\000i\000c}{}% 8
\BOOKMARK [1][-]{section.2.1}{\376\377\000A\000\040\000P\000u\000z\000z\000l\000e}{chapter.2}% 9
\BOOKMARK [1][-]{section.2.2}{\376\377\000A\000\040\000S\000o\000l\000u\000t\000i\000o\000n}{chapter.2}% 10
\BOOKMARK [1][-]{section.2.3}{\376\377\000R\000u\000l\000e\000s\000\040\000o\000f\000\040\000I\000n\000f\000e\000r\000e\000n\000c\000e}{chapter.2}% 11
\BOOKMARK [1][-]{section.2.4}{\376\377\000T\000h\000e\000\040\000L\000a\000n\000g\000u\000a\000g\000e\000\040\000o\000f\000\040\000P\000r\000o\000p\000o\000s\000i\000t\000i\000o\000n\000a\000l\000\040\000L\000o\000g\000i\000c}{chapter.2}% 12
\BOOKMARK [1][-]{section.2.5}{\376\377\000E\000x\000e\000r\000c\000i\000s\000e\000s}{chapter.2}% 13
\BOOKMARK [0][-]{chapter.3}{\376\377\000N\000a\000t\000u\000r\000a\000l\000\040\000D\000e\000d\000u\000c\000t\000i\000o\000n\000\040\000f\000o\000r\000\040\000P\000r\000o\000p\000o\000s\000i\000t\000i\000o\000n\000a\000l\000\040\000L\000o\000g\000i\000c}{}% 14
\BOOKMARK [1][-]{section.3.1}{\376\377\000D\000e\000r\000i\000v\000a\000t\000i\000o\000n\000s\000\040\000i\000n\000\040\000N\000a\000t\000u\000r\000a\000l\000\040\000D\000e\000d\000u\000c\000t\000i\000o\000n}{chapter.3}% 15
\BOOKMARK [1][-]{section.3.2}{\376\377\000E\000x\000a\000m\000p\000l\000e\000s}{chapter.3}% 16
\BOOKMARK [1][-]{section.3.3}{\376\377\000F\000o\000r\000w\000a\000r\000d\000\040\000a\000n\000d\000\040\000B\000a\000c\000k\000w\000a\000r\000d\000\040\000R\000e\000a\000s\000o\000n\000i\000n\000g}{chapter.3}% 17
\BOOKMARK [1][-]{section.3.4}{\376\377\000R\000e\000a\000s\000o\000n\000i\000n\000g\000\040\000b\000y\000\040\000C\000a\000s\000e\000s}{chapter.3}% 18
\BOOKMARK [1][-]{section.3.5}{\376\377\000S\000o\000m\000e\000\040\000L\000o\000g\000i\000c\000a\000l\000\040\000I\000d\000e\000n\000t\000i\000t\000i\000e\000s}{chapter.3}% 19
\BOOKMARK [1][-]{section.3.6}{\376\377\000E\000x\000e\000r\000c\000i\000s\000e\000s}{chapter.3}% 20
\BOOKMARK [0][-]{chapter.4}{\376\377\000P\000r\000o\000p\000o\000s\000i\000t\000i\000o\000n\000a\000l\000\040\000L\000o\000g\000i\000c\000\040\000i\000n\000\040\000L\000e\000a\000n}{}% 21
\BOOKMARK [1][-]{section.4.1}{\376\377\000E\000x\000p\000r\000e\000s\000s\000i\000o\000n\000s\000\040\000f\000o\000r\000\040\000P\000r\000o\000p\000o\000s\000i\000t\000i\000o\000n\000s\000\040\000a\000n\000d\000\040\000P\000r\000o\000o\000f\000s}{chapter.4}% 22
\BOOKMARK [1][-]{section.4.2}{\376\377\000M\000o\000r\000e\000\040\000c\000o\000m\000m\000a\000n\000d\000s}{chapter.4}% 23
\BOOKMARK [1][-]{section.4.3}{\376\377\000B\000u\000i\000l\000d\000i\000n\000g\000\040\000N\000a\000t\000u\000r\000a\000l\000\040\000D\000e\000d\000u\000c\000t\000i\000o\000n\000\040\000P\000r\000o\000o\000f\000s}{chapter.4}% 24
\BOOKMARK [1][-]{section.4.4}{\376\377\000T\000a\000c\000t\000i\000c\000\040\000M\000o\000d\000e}{chapter.4}% 25
\BOOKMARK [1][-]{section.4.5}{\376\377\000F\000o\000r\000w\000a\000r\000d\000\040\000R\000e\000a\000s\000o\000n\000i\000n\000g}{chapter.4}% 26
\BOOKMARK [1][-]{section.4.6}{\376\377\000D\000e\000f\000i\000n\000i\000t\000i\000o\000n\000s\000\040\000a\000n\000d\000\040\000T\000h\000e\000o\000r\000e\000m\000s}{chapter.4}% 27
\BOOKMARK [1][-]{section.4.7}{\376\377\000A\000d\000d\000i\000t\000i\000o\000n\000a\000l\000\040\000S\000y\000n\000t\000a\000x}{chapter.4}% 28
\BOOKMARK [1][-]{section.4.8}{\376\377\000E\000x\000e\000r\000c\000i\000s\000e\000s}{chapter.4}% 29
\BOOKMARK [0][-]{chapter.5}{\376\377\000C\000l\000a\000s\000s\000i\000c\000a\000l\000\040\000R\000e\000a\000s\000o\000n\000i\000n\000g}{}% 30
\BOOKMARK [1][-]{section.5.1}{\376\377\000P\000r\000o\000o\000f\000\040\000b\000y\000\040\000C\000o\000n\000t\000r\000a\000d\000i\000c\000t\000i\000o\000n}{chapter.5}% 31
\BOOKMARK [1][-]{section.5.2}{\376\377\000S\000o\000m\000e\000\040\000C\000l\000a\000s\000s\000i\000c\000a\000l\000\040\000P\000r\000i\000n\000c\000i\000p\000l\000e\000s}{chapter.5}% 32
\BOOKMARK [1][-]{section.5.3}{\376\377\000T\000h\000e\000\040\000c\000o\000n\000t\000r\000a\000d\000i\000c\000t\000i\000o\000n\000\040\000T\000a\000c\000t\000i\000c}{chapter.5}% 33
\BOOKMARK [1][-]{section.5.4}{\376\377\000E\000x\000e\000r\000c\000i\000s\000e\000s}{chapter.5}% 34
\BOOKMARK [0][-]{chapter.6}{\376\377\000S\000e\000m\000a\000n\000t\000i\000c\000s\000\040\000o\000f\000\040\000P\000r\000o\000p\000o\000s\000i\000t\000i\000o\000n\000a\000l\000\040\000L\000o\000g\000i\000c}{}% 35
\BOOKMARK [1][-]{section.6.1}{\376\377\000T\000r\000u\000t\000h\000\040\000V\000a\000l\000u\000e\000s\000\040\000a\000n\000d\000\040\000A\000s\000s\000i\000g\000n\000m\000e\000n\000t\000s}{chapter.6}% 36
\BOOKMARK [1][-]{section.6.2}{\376\377\000T\000r\000u\000t\000h\000\040\000T\000a\000b\000l\000e\000s}{chapter.6}% 37
\BOOKMARK [1][-]{section.6.3}{\376\377\000S\000o\000u\000n\000d\000n\000e\000s\000s\000\040\000a\000n\000d\000\040\000C\000o\000m\000p\000l\000e\000t\000e\000n\000e\000s\000s}{chapter.6}% 38
\BOOKMARK [1][-]{section.6.4}{\376\377\000E\000x\000e\000r\000c\000i\000s\000e\000s}{chapter.6}% 39
\BOOKMARK [0][-]{chapter.7}{\376\377\000F\000i\000r\000s\000t\000\040\000O\000r\000d\000e\000r\000\040\000L\000o\000g\000i\000c}{}% 40
\BOOKMARK [1][-]{section.7.1}{\376\377\000F\000u\000n\000c\000t\000i\000o\000n\000s\000,\000\040\000P\000r\000e\000d\000i\000c\000a\000t\000e\000s\000,\000\040\000a\000n\000d\000\040\000R\000e\000l\000a\000t\000i\000o\000n\000s}{chapter.7}% 41
\BOOKMARK [1][-]{section.7.2}{\376\377\000T\000h\000e\000\040\000U\000n\000i\000v\000e\000r\000s\000a\000l\000\040\000Q\000u\000a\000n\000t\000i\000f\000i\000e\000r}{chapter.7}% 42
\BOOKMARK [1][-]{section.7.3}{\376\377\000T\000h\000e\000\040\000E\000x\000i\000s\000t\000e\000n\000t\000i\000a\000l\000\040\000Q\000u\000a\000n\000t\000i\000f\000i\000e\000r}{chapter.7}% 43
\BOOKMARK [1][-]{section.7.4}{\376\377\000R\000e\000l\000a\000t\000i\000v\000i\000z\000a\000t\000i\000o\000n\000\040\000a\000n\000d\000\040\000S\000o\000r\000t\000s}{chapter.7}% 44
\BOOKMARK [1][-]{section.7.5}{\376\377\000E\000q\000u\000a\000l\000i\000t\000y}{chapter.7}% 45
\BOOKMARK [1][-]{section.7.6}{\376\377\000E\000x\000e\000r\000c\000i\000s\000e\000s}{chapter.7}% 46
\BOOKMARK [0][-]{chapter.8}{\376\377\000N\000a\000t\000u\000r\000a\000l\000\040\000D\000e\000d\000u\000c\000t\000i\000o\000n\000\040\000f\000o\000r\000\040\000F\000i\000r\000s\000t\000\040\000O\000r\000d\000e\000r\000\040\000L\000o\000g\000i\000c}{}% 47
\BOOKMARK [1][-]{section.8.1}{\376\377\000R\000u\000l\000e\000s\000\040\000o\000f\000\040\000I\000n\000f\000e\000r\000e\000n\000c\000e}{chapter.8}% 48
\BOOKMARK [1][-]{section.8.2}{\376\377\000T\000h\000e\000\040\000U\000n\000i\000v\000e\000r\000s\000a\000l\000\040\000Q\000u\000a\000n\000t\000i\000f\000i\000e\000r}{chapter.8}% 49
\BOOKMARK [1][-]{section.8.3}{\376\377\000T\000h\000e\000\040\000E\000x\000i\000s\000t\000e\000n\000t\000i\000a\000l\000\040\000Q\000u\000a\000n\000t\000i\000f\000i\000e\000r}{chapter.8}% 50
\BOOKMARK [1][-]{section.8.4}{\376\377\000E\000q\000u\000a\000l\000i\000t\000y}{chapter.8}% 51
\BOOKMARK [1][-]{section.8.5}{\376\377\000C\000o\000u\000n\000t\000e\000r\000e\000x\000a\000m\000p\000l\000e\000s\000\040\000a\000n\000d\000\040\000R\000e\000l\000a\000t\000i\000v\000i\000z\000e\000d\000\040\000Q\000u\000a\000n\000t\000i\000f\000i\000e\000r\000s}{chapter.8}% 52
\BOOKMARK [1][-]{section.8.6}{\376\377\000E\000x\000e\000r\000c\000i\000s\000e\000s}{chapter.8}% 53
\BOOKMARK [0][-]{chapter.9}{\376\377\000F\000i\000r\000s\000t\000\040\000O\000r\000d\000e\000r\000\040\000L\000o\000g\000i\000c\000\040\000i\000n\000\040\000L\000e\000a\000n}{}% 54
\BOOKMARK [1][-]{section.9.1}{\376\377\000F\000u\000n\000c\000t\000i\000o\000n\000s\000,\000\040\000P\000r\000e\000d\000i\000c\000a\000t\000e\000s\000,\000\040\000a\000n\000d\000\040\000R\000e\000l\000a\000t\000i\000o\000n\000s}{chapter.9}% 55
\BOOKMARK [1][-]{section.9.2}{\376\377\000U\000s\000i\000n\000g\000\040\000t\000h\000e\000\040\000U\000n\000i\000v\000e\000r\000s\000a\000l\000\040\000Q\000u\000a\000n\000t\000i\000f\000i\000e\000r}{chapter.9}% 56
\BOOKMARK [1][-]{section.9.3}{\376\377\000U\000s\000i\000n\000g\000\040\000t\000h\000e\000\040\000E\000x\000i\000s\000t\000e\000n\000t\000i\000a\000l\000\040\000Q\000u\000a\000n\000t\000i\000f\000i\000e\000r}{chapter.9}% 57
\BOOKMARK [1][-]{section.9.4}{\376\377\000E\000q\000u\000a\000l\000i\000t\000y}{chapter.9}% 58
\BOOKMARK [1][-]{section.9.5}{\376\377\000T\000a\000c\000t\000i\000c\000\040\000M\000o\000d\000e}{chapter.9}% 59
\BOOKMARK [1][-]{section.9.6}{\376\377\000C\000a\000l\000c\000u\000l\000a\000t\000i\000o\000n\000a\000l\000\040\000P\000r\000o\000o\000f\000s}{chapter.9}% 60
\BOOKMARK [1][-]{section.9.7}{\376\377\000E\000x\000e\000r\000c\000i\000s\000e\000s}{chapter.9}% 61
\BOOKMARK [0][-]{chapter.10}{\376\377\000S\000e\000m\000a\000n\000t\000i\000c\000s\000\040\000o\000f\000\040\000F\000i\000r\000s\000t\000\040\000O\000r\000d\000e\000r\000\040\000L\000o\000g\000i\000c}{}% 62
\BOOKMARK [1][-]{section.10.1}{\376\377\000I\000n\000t\000e\000r\000p\000r\000e\000t\000a\000t\000i\000o\000n\000s}{chapter.10}% 63
\BOOKMARK [1][-]{section.10.2}{\376\377\000T\000r\000u\000t\000h\000\040\000i\000n\000\040\000a\000\040\000M\000o\000d\000e\000l}{chapter.10}% 64
\BOOKMARK [1][-]{section.10.3}{\376\377\000E\000x\000a\000m\000p\000l\000e\000s}{chapter.10}% 65
\BOOKMARK [1][-]{section.10.4}{\376\377\000V\000a\000l\000i\000d\000i\000t\000y\000\040\000a\000n\000d\000\040\000L\000o\000g\000i\000c\000a\000l\000\040\000C\000o\000n\000s\000e\000q\000u\000e\000n\000c\000e}{chapter.10}% 66
\BOOKMARK [1][-]{section.10.5}{\376\377\000S\000o\000u\000n\000d\000n\000e\000s\000s\000\040\000a\000n\000d\000\040\000C\000o\000m\000p\000l\000e\000t\000e\000n\000e\000s\000s}{chapter.10}% 67
\BOOKMARK [1][-]{section.10.6}{\376\377\000E\000x\000e\000r\000c\000i\000s\000e\000s}{chapter.10}% 68
\BOOKMARK [0][-]{chapter.11}{\376\377\000S\000e\000t\000s}{}% 69
\BOOKMARK [1][-]{section.11.1}{\376\377\000E\000l\000e\000m\000e\000n\000t\000a\000r\000y\000\040\000S\000e\000t\000\040\000T\000h\000e\000o\000r\000y}{chapter.11}% 70
\BOOKMARK [1][-]{section.11.2}{\376\377\000C\000a\000l\000c\000u\000l\000a\000t\000i\000o\000n\000s\000\040\000w\000i\000t\000h\000\040\000S\000e\000t\000s}{chapter.11}% 71
\BOOKMARK [1][-]{section.11.3}{\376\377\000I\000n\000d\000e\000x\000e\000d\000\040\000F\000a\000m\000i\000l\000i\000e\000s\000\040\000o\000f\000\040\000S\000e\000t\000s}{chapter.11}% 72
\BOOKMARK [1][-]{section.11.4}{\376\377\000C\000a\000r\000t\000e\000s\000i\000a\000n\000\040\000P\000r\000o\000d\000u\000c\000t\000\040\000a\000n\000d\000\040\000P\000o\000w\000e\000r\000\040\000S\000e\000t}{chapter.11}% 73
\BOOKMARK [1][-]{section.11.5}{\376\377\000E\000x\000e\000r\000c\000i\000s\000e\000s}{chapter.11}% 74
\BOOKMARK [0][-]{chapter.12}{\376\377\000S\000e\000t\000s\000\040\000i\000n\000\040\000L\000e\000a\000n}{}% 75
\BOOKMARK [1][-]{section.12.1}{\376\377\000B\000a\000s\000i\000c\000s}{chapter.12}% 76
\BOOKMARK [1][-]{section.12.2}{\376\377\000S\000o\000m\000e\000\040\000I\000d\000e\000n\000t\000i\000t\000i\000e\000s}{chapter.12}% 77
\BOOKMARK [1][-]{section.12.3}{\376\377\000I\000n\000d\000e\000x\000e\000d\000\040\000F\000a\000m\000i\000l\000i\000e\000s}{chapter.12}% 78
\BOOKMARK [1][-]{section.12.4}{\376\377\000P\000o\000w\000e\000r\000\040\000S\000e\000t\000s}{chapter.12}% 79
\BOOKMARK [1][-]{section.12.5}{\376\377\000E\000x\000e\000r\000c\000i\000s\000e\000s}{chapter.12}% 80
\BOOKMARK [0][-]{chapter.13}{\376\377\000R\000e\000l\000a\000t\000i\000o\000n\000s}{}% 81
\BOOKMARK [1][-]{section.13.1}{\376\377\000O\000r\000d\000e\000r\000\040\000R\000e\000l\000a\000t\000i\000o\000n\000s}{chapter.13}% 82
\BOOKMARK [1][-]{section.13.2}{\376\377\000M\000o\000r\000e\000\040\000o\000n\000\040\000O\000r\000d\000e\000r\000i\000n\000g\000s}{chapter.13}% 83
\BOOKMARK [1][-]{section.13.3}{\376\377\000E\000q\000u\000i\000v\000a\000l\000e\000n\000c\000e\000\040\000R\000e\000l\000a\000t\000i\000o\000n\000s\000\040\000a\000n\000d\000\040\000E\000q\000u\000a\000l\000i\000t\000y}{chapter.13}% 84
\BOOKMARK [1][-]{section.13.4}{\376\377\000E\000x\000e\000r\000c\000i\000s\000e\000s}{chapter.13}% 85
\BOOKMARK [0][-]{chapter.14}{\376\377\000R\000e\000l\000a\000t\000i\000o\000n\000s\000\040\000i\000n\000\040\000L\000e\000a\000n}{}% 86
\BOOKMARK [1][-]{section.14.1}{\376\377\000O\000r\000d\000e\000r\000\040\000R\000e\000l\000a\000t\000i\000o\000n\000s}{chapter.14}% 87
\BOOKMARK [1][-]{section.14.2}{\376\377\000O\000r\000d\000e\000r\000i\000n\000g\000s\000\040\000o\000n\000\040\000N\000u\000m\000b\000e\000r\000s}{chapter.14}% 88
\BOOKMARK [1][-]{section.14.3}{\376\377\000E\000q\000u\000i\000v\000a\000l\000e\000n\000c\000e\000\040\000R\000e\000l\000a\000t\000i\000o\000n\000s}{chapter.14}% 89
\BOOKMARK [1][-]{section.14.4}{\376\377\000E\000x\000e\000r\000c\000i\000s\000e\000s}{chapter.14}% 90
\BOOKMARK [0][-]{chapter.15}{\376\377\000F\000u\000n\000c\000t\000i\000o\000n\000s}{}% 91
\BOOKMARK [1][-]{section.15.1}{\376\377\000T\000h\000e\000\040\000F\000u\000n\000c\000t\000i\000o\000n\000\040\000C\000o\000n\000c\000e\000p\000t}{chapter.15}% 92
\BOOKMARK [1][-]{section.15.2}{\376\377\000I\000n\000j\000e\000c\000t\000i\000v\000e\000,\000\040\000S\000u\000r\000j\000e\000c\000t\000i\000v\000e\000,\000\040\000a\000n\000d\000\040\000B\000i\000j\000e\000c\000t\000i\000v\000e\000\040\000F\000u\000n\000c\000t\000i\000o\000n\000s}{chapter.15}% 93
\BOOKMARK [1][-]{section.15.3}{\376\377\000F\000u\000n\000c\000t\000i\000o\000n\000s\000\040\000a\000n\000d\000\040\000S\000u\000b\000s\000e\000t\000s\000\040\000o\000f\000\040\000t\000h\000e\000\040\000D\000o\000m\000a\000i\000n}{chapter.15}% 94
\BOOKMARK [1][-]{section.15.4}{\376\377\000F\000u\000n\000c\000t\000i\000o\000n\000s\000\040\000a\000n\000d\000\040\000R\000e\000l\000a\000t\000i\000o\000n\000s}{chapter.15}% 95
\BOOKMARK [1][-]{section.15.5}{\376\377\000E\000x\000e\000r\000c\000i\000s\000e\000s}{chapter.15}% 96
\BOOKMARK [0][-]{chapter.16}{\376\377\000F\000u\000n\000c\000t\000i\000o\000n\000s\000\040\000i\000n\000\040\000L\000e\000a\000n}{}% 97
\BOOKMARK [1][-]{section.16.1}{\376\377\000F\000u\000n\000c\000t\000i\000o\000n\000s\000\040\000a\000n\000d\000\040\000S\000y\000m\000b\000o\000l\000i\000c\000\040\000L\000o\000g\000i\000c}{chapter.16}% 98
\BOOKMARK [1][-]{section.16.2}{\376\377\000S\000e\000c\000o\000n\000d\000-\000\040\000a\000n\000d\000\040\000H\000i\000g\000h\000e\000r\000-\000O\000r\000d\000e\000r\000\040\000L\000o\000g\000i\000c}{chapter.16}% 99
\BOOKMARK [1][-]{section.16.3}{\376\377\000F\000u\000n\000c\000t\000i\000o\000n\000s\000\040\000i\000n\000\040\000L\000e\000a\000n}{chapter.16}% 100
\BOOKMARK [1][-]{section.16.4}{\376\377\000D\000e\000f\000i\000n\000i\000n\000g\000\040\000t\000h\000e\000\040\000I\000n\000v\000e\000r\000s\000e\000\040\000C\000l\000a\000s\000s\000i\000c\000a\000l\000l\000y}{chapter.16}% 101
\BOOKMARK [1][-]{section.16.5}{\376\377\000F\000u\000n\000c\000t\000i\000o\000n\000s\000\040\000a\000n\000d\000\040\000S\000e\000t\000s\000\040\000i\000n\000\040\000L\000e\000a\000n}{chapter.16}% 102
\BOOKMARK [1][-]{section.16.6}{\376\377\000E\000x\000e\000r\000c\000i\000s\000e\000s}{chapter.16}% 103
\BOOKMARK [0][-]{chapter.17}{\376\377\000T\000h\000e\000\040\000N\000a\000t\000u\000r\000a\000l\000\040\000N\000u\000m\000b\000e\000r\000s\000\040\000a\000n\000d\000\040\000I\000n\000d\000u\000c\000t\000i\000o\000n}{}% 104
\BOOKMARK [1][-]{section.17.1}{\376\377\000T\000h\000e\000\040\000P\000r\000i\000n\000c\000i\000p\000l\000e\000\040\000o\000f\000\040\000I\000n\000d\000u\000c\000t\000i\000o\000n}{chapter.17}% 105
\BOOKMARK [1][-]{section.17.2}{\376\377\000V\000a\000r\000i\000a\000n\000t\000s\000\040\000o\000f\000\040\000I\000n\000d\000u\000c\000t\000i\000o\000n}{chapter.17}% 106
\BOOKMARK [1][-]{section.17.3}{\376\377\000R\000e\000c\000u\000r\000s\000i\000v\000e\000\040\000D\000e\000f\000i\000n\000i\000t\000i\000o\000n\000s}{chapter.17}% 107
\BOOKMARK [1][-]{section.17.4}{\376\377\000D\000e\000f\000i\000n\000i\000n\000g\000\040\000A\000r\000i\000t\000h\000m\000e\000t\000i\000c\000\040\000O\000p\000e\000r\000a\000t\000i\000o\000n\000s}{chapter.17}% 108
\BOOKMARK [1][-]{section.17.5}{\376\377\000A\000r\000i\000t\000h\000m\000e\000t\000i\000c\000\040\000o\000n\000\040\000t\000h\000e\000\040\000N\000a\000t\000u\000r\000a\000l\000\040\000N\000u\000m\000b\000e\000r\000s}{chapter.17}% 109
\BOOKMARK [1][-]{section.17.6}{\376\377\000T\000h\000e\000\040\000I\000n\000t\000e\000g\000e\000r\000s}{chapter.17}% 110
\BOOKMARK [1][-]{section.17.7}{\376\377\000E\000x\000e\000r\000c\000i\000s\000e\000s}{chapter.17}% 111
\BOOKMARK [0][-]{chapter.18}{\376\377\000T\000h\000e\000\040\000N\000a\000t\000u\000r\000a\000l\000\040\000N\000u\000m\000b\000e\000r\000s\000\040\000a\000n\000d\000\040\000I\000n\000d\000u\000c\000t\000i\000o\000n\000\040\000i\000n\000\040\000L\000e\000a\000n}{}% 112
\BOOKMARK [1][-]{section.18.1}{\376\377\000I\000n\000d\000u\000c\000t\000i\000o\000n\000\040\000a\000n\000d\000\040\000R\000e\000c\000u\000r\000s\000i\000o\000n\000\040\000i\000n\000\040\000L\000e\000a\000n}{chapter.18}% 113
\BOOKMARK [1][-]{section.18.2}{\376\377\000D\000e\000f\000i\000n\000i\000n\000g\000\040\000t\000h\000e\000\040\000A\000r\000i\000t\000h\000m\000e\000t\000i\000c\000\040\000O\000p\000e\000r\000a\000t\000i\000o\000n\000s\000\040\000i\000n\000\040\000L\000e\000a\000n}{chapter.18}% 114
\BOOKMARK [1][-]{section.18.3}{\376\377\000E\000x\000e\000r\000c\000i\000s\000e\000s}{chapter.18}% 115
\BOOKMARK [0][-]{chapter.19}{\376\377\000E\000l\000e\000m\000e\000n\000t\000a\000r\000y\000\040\000N\000u\000m\000b\000e\000r\000\040\000T\000h\000e\000o\000r\000y}{}% 116
\BOOKMARK [1][-]{section.19.1}{\376\377\000T\000h\000e\000\040\000Q\000u\000o\000t\000i\000e\000n\000t\000-\000R\000e\000m\000a\000i\000n\000d\000e\000r\000\040\000T\000h\000e\000o\000r\000e\000m}{chapter.19}% 117
\BOOKMARK [1][-]{section.19.2}{\376\377\000D\000i\000v\000i\000s\000i\000b\000i\000l\000i\000t\000y}{chapter.19}% 118
\BOOKMARK [1][-]{section.19.3}{\376\377\000P\000r\000i\000m\000e\000\040\000N\000u\000m\000b\000e\000r\000s}{chapter.19}% 119
\BOOKMARK [1][-]{section.19.4}{\376\377\000M\000o\000d\000u\000l\000a\000r\000\040\000A\000r\000i\000t\000h\000m\000e\000t\000i\000c}{chapter.19}% 120
\BOOKMARK [1][-]{section.19.5}{\376\377\000P\000r\000o\000p\000e\000r\000t\000i\000e\000s\000\040\000o\000f\000\040\000S\000q\000u\000a\000r\000e\000s}{chapter.19}% 121
\BOOKMARK [1][-]{section.19.6}{\376\377\000E\000x\000e\000r\000c\000i\000s\000e\000s}{chapter.19}% 122
\BOOKMARK [0][-]{chapter.20}{\376\377\000C\000o\000m\000b\000i\000n\000a\000t\000o\000r\000i\000c\000s}{}% 123
\BOOKMARK [1][-]{section.20.1}{\376\377\000F\000i\000n\000i\000t\000e\000\040\000S\000e\000t\000s\000\040\000a\000n\000d\000\040\000C\000a\000r\000d\000i\000n\000a\000l\000i\000t\000y}{chapter.20}% 124
\BOOKMARK [1][-]{section.20.2}{\376\377\000C\000o\000u\000n\000t\000i\000n\000g\000\040\000P\000r\000i\000n\000c\000i\000p\000l\000e\000s}{chapter.20}% 125
\BOOKMARK [1][-]{section.20.3}{\376\377\000O\000r\000d\000e\000r\000e\000d\000\040\000S\000e\000l\000e\000c\000t\000i\000o\000n\000s}{chapter.20}% 126
\BOOKMARK [1][-]{section.20.4}{\376\377\000C\000o\000m\000b\000i\000n\000a\000t\000i\000o\000n\000s\000\040\000a\000n\000d\000\040\000B\000i\000n\000o\000m\000i\000a\000l\000\040\000C\000o\000e\000f\000f\000i\000c\000i\000e\000n\000t\000s}{chapter.20}% 127
\BOOKMARK [1][-]{section.20.5}{\376\377\000T\000h\000e\000\040\000I\000n\000c\000l\000u\000s\000i\000o\000n\000-\000E\000x\000c\000l\000u\000s\000i\000o\000n\000\040\000P\000r\000i\000n\000c\000i\000p\000l\000e}{chapter.20}% 128
\BOOKMARK [1][-]{section.20.6}{\376\377\000E\000x\000e\000r\000c\000i\000s\000e\000s}{chapter.20}% 129
\BOOKMARK [0][-]{chapter.21}{\376\377\000T\000h\000e\000\040\000R\000e\000a\000l\000\040\000N\000u\000m\000b\000e\000r\000s}{}% 130
\BOOKMARK [1][-]{section.21.1}{\376\377\000T\000h\000e\000\040\000N\000u\000m\000b\000e\000r\000\040\000S\000y\000s\000t\000e\000m\000s}{chapter.21}% 131
\BOOKMARK [1][-]{section.21.2}{\376\377\000Q\000u\000o\000t\000i\000e\000n\000t\000\040\000C\000o\000n\000s\000t\000r\000u\000c\000t\000i\000o\000n\000s}{chapter.21}% 132
\BOOKMARK [1][-]{section.21.3}{\376\377\000C\000o\000n\000s\000t\000r\000u\000c\000t\000i\000n\000g\000\040\000t\000h\000e\000\040\000R\000e\000a\000l\000\040\000N\000u\000m\000b\000e\000r\000s}{chapter.21}% 133
\BOOKMARK [1][-]{section.21.4}{\376\377\000T\000h\000e\000\040\000C\000o\000m\000p\000l\000e\000t\000e\000n\000e\000s\000s\000\040\000o\000f\000\040\000t\000h\000e\000\040\000R\000e\000a\000l\000\040\000N\000u\000m\000b\000e\000r\000s}{chapter.21}% 134
\BOOKMARK [1][-]{section.21.5}{\376\377\000A\000n\000\040\000A\000l\000t\000e\000r\000n\000a\000t\000i\000v\000e\000\040\000C\000o\000n\000s\000t\000r\000u\000c\000t\000i\000o\000n}{chapter.21}% 135
\BOOKMARK [1][-]{section.21.6}{\376\377\000E\000x\000e\000r\000c\000i\000s\000e\000s}{chapter.21}% 136
\BOOKMARK [0][-]{chapter.22}{\376\377\000T\000h\000e\000\040\000I\000n\000f\000i\000n\000i\000t\000e}{}% 137
\BOOKMARK [1][-]{section.22.1}{\376\377\000E\000q\000u\000i\000n\000u\000m\000e\000r\000o\000s\000i\000t\000y}{chapter.22}% 138
\BOOKMARK [1][-]{section.22.2}{\376\377\000C\000o\000u\000n\000t\000a\000b\000l\000y\000\040\000I\000n\000f\000i\000n\000i\000t\000e\000\040\000S\000e\000t\000s}{chapter.22}% 139
\BOOKMARK [1][-]{section.22.3}{\376\377\000C\000a\000n\000t\000o\000r\040\031\000s\000\040\000T\000h\000e\000o\000r\000e\000m}{chapter.22}% 140
\BOOKMARK [1][-]{section.22.4}{\376\377\000A\000n\000\040\000A\000l\000t\000e\000r\000n\000a\000t\000i\000v\000e\000\040\000D\000e\000f\000i\000n\000i\000t\000i\000o\000n\000\040\000o\000f\000\040\000F\000i\000n\000i\000t\000e\000n\000e\000s\000s}{chapter.22}% 141
\BOOKMARK [1][-]{section.22.5}{\376\377\000T\000h\000e\000\040\000C\000a\000n\000t\000o\000r\000-\000B\000e\000r\000n\000s\000t\000e\000i\000n\000\040\000T\000h\000e\000o\000r\000e\000m}{chapter.22}% 142
\BOOKMARK [1][-]{section.22.6}{\376\377\000E\000x\000e\000r\000c\000i\000s\000e\000s}{chapter.22}% 143
\BOOKMARK [0][-]{chapter.23}{\376\377\000A\000x\000i\000o\000m\000a\000t\000i\000c\000\040\000F\000o\000u\000n\000d\000a\000t\000i\000o\000n\000s}{}% 144
\BOOKMARK [1][-]{section.23.1}{\376\377\000B\000a\000s\000i\000c\000\040\000A\000x\000i\000o\000m\000s\000\040\000f\000o\000r\000\040\000S\000e\000t\000s}{chapter.23}% 145
\BOOKMARK [1][-]{section.23.2}{\376\377\000T\000h\000e\000\040\000A\000x\000i\000o\000m\000\040\000o\000f\000\040\000I\000n\000f\000i\000n\000i\000t\000y}{chapter.23}% 146
\BOOKMARK [1][-]{section.23.3}{\376\377\000T\000h\000e\000\040\000R\000e\000m\000a\000i\000n\000i\000n\000g\000\040\000A\000x\000i\000o\000m\000s}{chapter.23}% 147
\BOOKMARK [1][-]{section.23.4}{\376\377\000T\000y\000p\000e\000\040\000T\000h\000e\000o\000r\000y}{chapter.23}% 148
\BOOKMARK [1][-]{section.23.5}{\376\377\000E\000x\000e\000r\000c\000i\000s\000e\000s}{chapter.23}% 149
\BOOKMARK [0][-]{chapter.24}{\376\377\000A\000p\000p\000e\000n\000d\000i\000x\000:\000\040\000N\000a\000t\000u\000r\000a\000l\000\040\000D\000e\000d\000u\000c\000t\000i\000o\000n\000\040\000R\000u\000l\000e\000s}{}% 150
